[2024-04-20 11:28:49,261: 29: logger: INFO: common:  An exception [Errno 2] No such file or directory: '/home/ubuntu/minecraft/src/mcpi2/config/config.yaml' has occurred]
[2024-04-20 11:29:06,471: 26: logger: INFO: common:  yaml file: /home/ubuntu/minecraft/src/mcpi2/config/config.yaml loaded successfully]
[2024-04-20 11:31:49,852: 26: logger: INFO: common:  yaml file: /home/ubuntu/minecraft/src/mcpi2/config/config.yaml loaded successfully]
[2024-04-20 11:32:25,226: 26: logger: INFO: common:  yaml file: /home/ubuntu/minecraft/src/mcpi2/config/config.yaml loaded successfully]
[2024-04-20 11:39:28,545: 26: logger: INFO: common:  yaml file: /home/ubuntu/minecraft/src/mcpi2/config/config.yaml loaded successfully]
[2024-04-20 11:39:45,964: 26: logger: INFO: common:  yaml file: /home/ubuntu/minecraft/src/mcpi2/config/config.yaml loaded successfully]
[2024-04-20 11:54:07,997: 26: logger: INFO: common:  yaml file: /home/ubuntu/minecraft/src/mcpi2/config/config.yaml loaded successfully]
[2024-04-20 11:57:40,561: 26: logger: INFO: common:  yaml file: /home/ubuntu/minecraft/src/mcpi2/config/config.yaml loaded successfully]
[2024-04-20 12:08:29,722: 26: logger: INFO: common:  yaml file: /home/ubuntu/minecraft/src/mcpi2/config/config.yaml loaded successfully]
[2024-04-20 12:12:37,865: 26: logger: INFO: common:  yaml file: /home/ubuntu/minecraft/src/mcpi2/config/config.yaml loaded successfully]
[2024-04-20 12:13:00,114: 26: logger: INFO: common:  yaml file: /home/ubuntu/minecraft/src/mcpi2/config/config.yaml loaded successfully]
[2024-04-20 12:13:00,879: 101: logger: INFO: image:  Image has been loaded]
[2024-04-20 12:13:01,077: 107: logger: INFO: image:  Image has been downscaled from (4320, 6912, 3) to (125, 200, 3)]
[2024-04-20 12:13:01,079: 118: logger: INFO: image:  Colormap has been changed]
[2024-04-20 12:13:01,080: 123: logger: INFO: image:  Image has been preprocessed]
[2024-04-20 12:14:22,731: 26: logger: INFO: common:  yaml file: /home/ubuntu/minecraft/src/mcpi2/config/config.yaml loaded successfully]
[2024-04-20 12:17:08,787: 26: logger: INFO: common:  yaml file: /home/ubuntu/minecraft/src/mcpi2/config/config.yaml loaded successfully]
[2024-04-20 12:17:10,025: 102: logger: INFO: image:  Image has been loaded]
[2024-04-20 12:17:10,245: 108: logger: INFO: image:  Image has been downscaled from (4320, 6912, 3) to (125, 200, 3)]
[2024-04-20 12:17:10,250: 119: logger: INFO: image:  Colormap has been changed]
[2024-04-20 12:17:10,252: 124: logger: INFO: image:  Image has been preprocessed]
[2024-04-20 12:59:07,668: 26: logger: INFO: common:  yaml file: /home/ubuntu/minecraft/src/mcpi2/config/config.yaml loaded successfully]
[2024-04-20 12:59:09,068: 102: logger: INFO: image:  Image has been loaded]
[2024-04-20 12:59:09,176: 108: logger: INFO: image:  Image has been downscaled from (4320, 6912, 3) to (125, 200, 3)]
[2024-04-20 12:59:09,180: 119: logger: INFO: image:  Colormap has been changed]
[2024-04-20 12:59:09,182: 124: logger: INFO: image:  Image has been preprocessed]
[2024-04-20 13:58:59,223: 26: logger: INFO: common:  yaml file: /home/ubuntu/minecraft/src/mcpi2/config/config.yaml loaded successfully]
[2024-04-20 14:01:23,350: 102: logger: INFO: image:  Image has been loaded]
[2024-04-20 14:01:23,470: 108: logger: INFO: image:  Image has been downscaled from (4320, 6912, 3) to (125, 200, 3)]
[2024-04-20 14:01:23,474: 119: logger: INFO: image:  Colormap has been changed]
[2024-04-20 14:01:23,476: 124: logger: INFO: image:  Image has been preprocessed]
[2024-04-20 14:02:46,273: 102: logger: INFO: image:  Image has been loaded]
[2024-04-20 14:02:46,319: 108: logger: INFO: image:  Image has been downscaled from (2454, 5072, 3) to (96, 200, 3)]
[2024-04-20 14:02:46,322: 119: logger: INFO: image:  Colormap has been changed]
[2024-04-20 14:02:46,322: 124: logger: INFO: image:  Image has been preprocessed]
[2024-04-20 14:03:32,237: 26: logger: INFO: common:  yaml file: /home/ubuntu/minecraft/src/mcpi2/config/config.yaml loaded successfully]
[2024-04-20 14:03:32,239: 74: logger: ERROR: image:  max_image_size must be between 32 and 256, while 300 is specified]
[2024-04-20 14:03:55,017: 26: logger: INFO: common:  yaml file: /home/ubuntu/minecraft/src/mcpi2/config/config.yaml loaded successfully]
[2024-04-20 14:03:59,339: 102: logger: INFO: image:  Image has been loaded]
[2024-04-20 14:03:59,386: 108: logger: INFO: image:  Image has been downscaled from (2454, 5072, 3) to (123, 256, 3)]
[2024-04-20 14:03:59,387: 119: logger: INFO: image:  Colormap has been changed]
[2024-04-20 14:03:59,388: 124: logger: INFO: image:  Image has been preprocessed]
[2024-04-20 14:09:39,456: 26: logger: INFO: common:  yaml file: /home/ubuntu/minecraft/src/mcpi2/config/config.yaml loaded successfully]
[2024-04-20 14:10:35,913: 26: logger: INFO: common:  yaml file: /home/ubuntu/minecraft/src/mcpi2/config/config.yaml loaded successfully]
[2024-04-20 14:10:47,024: 99: logger: INFO: image:  Image has been loaded]
[2024-04-20 14:10:47,055: 105: logger: INFO: image:  Image has been downscaled from (2454, 5072, 3) to (247, 512, 3)]
[2024-04-20 14:10:47,057: 116: logger: INFO: image:  Colormap has been changed]
[2024-04-20 14:10:47,058: 121: logger: INFO: image:  Image has been preprocessed]
[2024-04-20 14:16:07,636: 26: logger: INFO: common:  yaml file: /home/ubuntu/minecraft/src/mcpi2/config/config.yaml loaded successfully]
[2024-04-20 14:16:08,757: 99: logger: INFO: image:  Image has been loaded]
[2024-04-20 14:16:08,810: 105: logger: INFO: image:  Image has been downscaled from (4320, 6912, 3) to (320, 512, 3)]
[2024-04-20 14:16:08,812: 116: logger: INFO: image:  Colormap has been changed]
[2024-04-20 14:16:08,813: 121: logger: INFO: image:  Image has been preprocessed]
[2024-04-20 15:23:38,486: 26: logger: INFO: common:  yaml file: /home/ubuntu/minecraft/src/mcpi2/config/config.yaml loaded successfully]
[2024-04-20 15:23:38,487: 71: logger: ERROR: image:  max_image_size must be between 32 and 256, while 512 is specified]
[2024-04-20 15:23:52,756: 26: logger: INFO: common:  yaml file: /home/ubuntu/minecraft/src/mcpi2/config/config.yaml loaded successfully]
[2024-04-20 15:25:38,412: 99: logger: INFO: image:  Image has been loaded]
[2024-04-20 15:25:38,448: 105: logger: INFO: image:  Image has been downscaled from (2454, 5072, 3) to (247, 512, 3)]
[2024-04-20 15:25:38,450: 116: logger: INFO: image:  Colormap has been changed]
[2024-04-20 15:25:38,451: 121: logger: INFO: image:  Image has been preprocessed]
[2024-04-20 15:27:37,139: 26: logger: INFO: common:  yaml file: /home/ubuntu/minecraft/src/mcpi2/config/config.yaml loaded successfully]
[2024-04-20 15:29:08,457: 26: logger: INFO: common:  yaml file: /home/ubuntu/minecraft/src/mcpi2/config/config.yaml loaded successfully]
[2024-04-20 15:29:11,338: 99: logger: INFO: image:  Image has been loaded]
[2024-04-20 15:29:11,367: 105: logger: INFO: image:  Image has been downscaled from (2454, 5072, 3) to (247, 512, 3)]
[2024-04-20 15:29:11,369: 116: logger: INFO: image:  Colormap has been changed]
[2024-04-20 15:29:11,370: 121: logger: INFO: image:  Image has been preprocessed]
[2024-04-20 16:05:47,007: 26: logger: INFO: common:  yaml file: /home/ubuntu/minecraft/src/mcpi2/config/config.yaml loaded successfully]
[2024-04-20 16:05:48,890: 99: logger: INFO: image:  Image has been loaded]
[2024-04-20 16:05:48,921: 105: logger: INFO: image:  Image has been downscaled from (2454, 5072, 3) to (247, 512, 3)]
[2024-04-20 16:05:48,924: 116: logger: INFO: image:  Colormap has been changed]
[2024-04-20 16:05:48,930: 121: logger: INFO: image:  Image has been preprocessed]
[2024-04-20 16:06:25,487: 26: logger: INFO: common:  yaml file: /home/ubuntu/minecraft/src/mcpi2/config/config.yaml loaded successfully]
[2024-04-20 16:06:26,921: 99: logger: INFO: image:  Image has been loaded]
[2024-04-20 16:06:26,953: 105: logger: INFO: image:  Image has been downscaled from (2454, 5072, 3) to (247, 512, 3)]
[2024-04-20 16:06:26,954: 116: logger: INFO: image:  Colormap has been changed]
[2024-04-20 16:06:26,959: 121: logger: INFO: image:  Image has been preprocessed]
[2024-04-20 17:00:28,505: 26: logger: INFO: common:  yaml file: /home/ubuntu/minecraft/src/mcpi2/config/config.yaml loaded successfully]
[2024-04-20 17:00:35,273: 103: logger: INFO: image:  Image has been loaded]
[2024-04-20 17:00:35,300: 109: logger: INFO: image:  Image has been downscaled from (2454, 5072, 3) to (247, 512, 3)]
[2024-04-20 17:00:35,301: 119: logger: INFO: image:  Colormap has been changed]
[2024-04-20 17:00:35,305: 125: logger: INFO: image:  Image has been preprocessed]
[2024-04-20 17:05:44,022: 26: logger: INFO: common:  yaml file: /home/ubuntu/minecraft/src/mcpi2/config/config.yaml loaded successfully]
[2024-04-20 17:05:52,470: 26: logger: INFO: common:  yaml file: /home/ubuntu/minecraft/src/mcpi2/config/config.yaml loaded successfully]
[2024-04-20 17:05:54,191: 103: logger: INFO: image:  Image has been loaded]
[2024-04-20 17:05:54,197: 109: logger: INFO: image:  Image has been downscaled from (810, 1440, 3) to (288, 512, 3)]
[2024-04-20 17:05:54,198: 119: logger: INFO: image:  Colormap has been changed]
[2024-04-20 17:05:54,202: 125: logger: INFO: image:  Image has been preprocessed]
[2024-04-20 17:08:37,910: 103: logger: INFO: image:  Image has been loaded]
[2024-04-20 17:08:37,913: 109: logger: INFO: image:  Image has been downscaled from (400, 600, 3) to (341, 512, 3)]
[2024-04-20 17:08:37,914: 119: logger: INFO: image:  Colormap has been changed]
[2024-04-20 17:08:37,918: 125: logger: INFO: image:  Image has been preprocessed]
[2024-04-20 17:15:51,018: 26: logger: INFO: common:  yaml file: /home/ubuntu/minecraft/src/mcpi2/config/config.yaml loaded successfully]
[2024-04-20 17:15:54,233: 103: logger: INFO: image:  Image has been loaded]
[2024-04-20 17:15:54,237: 109: logger: INFO: image:  Image has been downscaled from (810, 1440, 3) to (288, 512, 3)]
[2024-04-20 17:15:54,238: 119: logger: INFO: image:  Colormap has been changed]
[2024-04-20 17:15:54,243: 125: logger: INFO: image:  Image has been preprocessed]
[2024-04-20 17:16:34,445: 26: logger: INFO: common:  yaml file: /home/ubuntu/minecraft/src/mcpi2/config/config.yaml loaded successfully]
[2024-04-20 17:16:34,447: 84: logger: ERROR: image:  colormap must be one of the following options: one_value.grayscale, one_value.jet. Not one_value.grayscale2]
[2024-04-20 17:16:48,440: 26: logger: INFO: common:  yaml file: /home/ubuntu/minecraft/src/mcpi2/config/config.yaml loaded successfully]
